mode: set
github.com/info344-s18/challenges-yi904835116/servers/gateway/models/users/mysqlstore.go:46.44,47.15 1 0
github.com/info344-s18/challenges-yi904835116/servers/gateway/models/users/mysqlstore.go:51.2,53.3 1 0
github.com/info344-s18/challenges-yi904835116/servers/gateway/models/users/mysqlstore.go:47.15,48.47 1 0
github.com/info344-s18/challenges-yi904835116/servers/gateway/models/users/mysqlstore.go:57.59,59.16 2 0
github.com/info344-s18/challenges-yi904835116/servers/gateway/models/users/mysqlstore.go:63.2,64.16 2 0
github.com/info344-s18/challenges-yi904835116/servers/gateway/models/users/mysqlstore.go:68.2,68.21 1 0
github.com/info344-s18/challenges-yi904835116/servers/gateway/models/users/mysqlstore.go:73.2,73.22 1 0
github.com/info344-s18/challenges-yi904835116/servers/gateway/models/users/mysqlstore.go:59.16,61.3 1 0
github.com/info344-s18/challenges-yi904835116/servers/gateway/models/users/mysqlstore.go:64.16,66.3 1 0
github.com/info344-s18/challenges-yi904835116/servers/gateway/models/users/mysqlstore.go:68.21,70.3 1 0
github.com/info344-s18/challenges-yi904835116/servers/gateway/models/users/mysqlstore.go:77.66,79.16 2 0
github.com/info344-s18/challenges-yi904835116/servers/gateway/models/users/mysqlstore.go:83.2,84.16 2 0
github.com/info344-s18/challenges-yi904835116/servers/gateway/models/users/mysqlstore.go:88.2,88.21 1 0
github.com/info344-s18/challenges-yi904835116/servers/gateway/models/users/mysqlstore.go:93.2,93.22 1 0
github.com/info344-s18/challenges-yi904835116/servers/gateway/models/users/mysqlstore.go:79.16,81.3 1 0
github.com/info344-s18/challenges-yi904835116/servers/gateway/models/users/mysqlstore.go:84.16,86.3 1 0
github.com/info344-s18/challenges-yi904835116/servers/gateway/models/users/mysqlstore.go:88.21,90.3 1 0
github.com/info344-s18/challenges-yi904835116/servers/gateway/models/users/mysqlstore.go:97.72,99.16 2 0
github.com/info344-s18/challenges-yi904835116/servers/gateway/models/users/mysqlstore.go:103.2,104.16 2 0
github.com/info344-s18/challenges-yi904835116/servers/gateway/models/users/mysqlstore.go:108.2,108.21 1 0
github.com/info344-s18/challenges-yi904835116/servers/gateway/models/users/mysqlstore.go:113.2,113.22 1 0
github.com/info344-s18/challenges-yi904835116/servers/gateway/models/users/mysqlstore.go:99.16,101.3 1 0
github.com/info344-s18/challenges-yi904835116/servers/gateway/models/users/mysqlstore.go:104.16,106.3 1 0
github.com/info344-s18/challenges-yi904835116/servers/gateway/models/users/mysqlstore.go:108.21,110.3 1 0
github.com/info344-s18/challenges-yi904835116/servers/gateway/models/users/mysqlstore.go:118.66,120.16 2 0
github.com/info344-s18/challenges-yi904835116/servers/gateway/models/users/mysqlstore.go:125.2,128.16 3 0
github.com/info344-s18/challenges-yi904835116/servers/gateway/models/users/mysqlstore.go:133.2,133.18 1 0
github.com/info344-s18/challenges-yi904835116/servers/gateway/models/users/mysqlstore.go:120.16,122.3 1 0
github.com/info344-s18/challenges-yi904835116/servers/gateway/models/users/mysqlstore.go:128.16,131.3 1 0
github.com/info344-s18/challenges-yi904835116/servers/gateway/models/users/mysqlstore.go:137.71,138.20 1 0
github.com/info344-s18/challenges-yi904835116/servers/gateway/models/users/mysqlstore.go:142.2,143.16 2 0
github.com/info344-s18/challenges-yi904835116/servers/gateway/models/users/mysqlstore.go:147.2,148.16 2 0
github.com/info344-s18/challenges-yi904835116/servers/gateway/models/users/mysqlstore.go:152.2,152.12 1 0
github.com/info344-s18/challenges-yi904835116/servers/gateway/models/users/mysqlstore.go:138.20,140.3 1 0
github.com/info344-s18/challenges-yi904835116/servers/gateway/models/users/mysqlstore.go:143.16,145.3 1 0
github.com/info344-s18/challenges-yi904835116/servers/gateway/models/users/mysqlstore.go:148.16,150.3 1 0
github.com/info344-s18/challenges-yi904835116/servers/gateway/models/users/mysqlstore.go:156.53,160.16 2 0
github.com/info344-s18/challenges-yi904835116/servers/gateway/models/users/mysqlstore.go:164.2,165.16 2 0
github.com/info344-s18/challenges-yi904835116/servers/gateway/models/users/mysqlstore.go:169.2,169.12 1 0
github.com/info344-s18/challenges-yi904835116/servers/gateway/models/users/mysqlstore.go:160.16,162.3 1 0
github.com/info344-s18/challenges-yi904835116/servers/gateway/models/users/mysqlstore.go:165.16,167.3 1 0
github.com/info344-s18/challenges-yi904835116/servers/gateway/models/users/mysqlstore.go:173.51,184.18 4 0
github.com/info344-s18/challenges-yi904835116/servers/gateway/models/users/mysqlstore.go:206.2,206.35 1 0
github.com/info344-s18/challenges-yi904835116/servers/gateway/models/users/mysqlstore.go:210.2,210.19 1 0
github.com/info344-s18/challenges-yi904835116/servers/gateway/models/users/mysqlstore.go:184.18,187.17 2 0
github.com/info344-s18/challenges-yi904835116/servers/gateway/models/users/mysqlstore.go:191.3,201.30 2 0
github.com/info344-s18/challenges-yi904835116/servers/gateway/models/users/mysqlstore.go:187.17,189.4 1 0
github.com/info344-s18/challenges-yi904835116/servers/gateway/models/users/mysqlstore.go:206.35,208.3 1 0
github.com/info344-s18/challenges-yi904835116/servers/gateway/models/users/user.go:56.37,67.16 2 1
github.com/info344-s18/challenges-yi904835116/servers/gateway/models/users/user.go:72.2,72.26 1 1
github.com/info344-s18/challenges-yi904835116/servers/gateway/models/users/user.go:77.2,77.36 1 1
github.com/info344-s18/challenges-yi904835116/servers/gateway/models/users/user.go:82.2,82.27 1 1
github.com/info344-s18/challenges-yi904835116/servers/gateway/models/users/user.go:86.2,86.40 1 1
github.com/info344-s18/challenges-yi904835116/servers/gateway/models/users/user.go:90.2,90.12 1 1
github.com/info344-s18/challenges-yi904835116/servers/gateway/models/users/user.go:67.16,69.3 1 1
github.com/info344-s18/challenges-yi904835116/servers/gateway/models/users/user.go:72.26,74.3 1 1
github.com/info344-s18/challenges-yi904835116/servers/gateway/models/users/user.go:77.36,79.3 1 1
github.com/info344-s18/challenges-yi904835116/servers/gateway/models/users/user.go:82.27,84.3 1 1
github.com/info344-s18/challenges-yi904835116/servers/gateway/models/users/user.go:86.40,88.3 1 1
github.com/info344-s18/challenges-yi904835116/servers/gateway/models/users/user.go:95.44,112.16 2 1
github.com/info344-s18/challenges-yi904835116/servers/gateway/models/users/user.go:116.2,145.16 12 1
github.com/info344-s18/challenges-yi904835116/servers/gateway/models/users/user.go:149.2,149.18 1 1
github.com/info344-s18/challenges-yi904835116/servers/gateway/models/users/user.go:112.16,114.3 1 0
github.com/info344-s18/challenges-yi904835116/servers/gateway/models/users/user.go:145.16,147.3 1 0
github.com/info344-s18/challenges-yi904835116/servers/gateway/models/users/user.go:157.34,160.2 1 1
github.com/info344-s18/challenges-yi904835116/servers/gateway/models/users/user.go:163.51,167.16 2 1
github.com/info344-s18/challenges-yi904835116/servers/gateway/models/users/user.go:170.2,171.12 2 1
github.com/info344-s18/challenges-yi904835116/servers/gateway/models/users/user.go:167.16,169.3 1 0
github.com/info344-s18/challenges-yi904835116/servers/gateway/models/users/user.go:176.52,185.16 3 1
github.com/info344-s18/challenges-yi904835116/servers/gateway/models/users/user.go:188.2,188.12 1 1
github.com/info344-s18/challenges-yi904835116/servers/gateway/models/users/user.go:185.16,187.3 1 1
github.com/info344-s18/challenges-yi904835116/servers/gateway/models/users/user.go:193.53,197.32 1 1
github.com/info344-s18/challenges-yi904835116/servers/gateway/models/users/user.go:201.2,201.33 1 1
github.com/info344-s18/challenges-yi904835116/servers/gateway/models/users/user.go:205.2,208.12 3 1
github.com/info344-s18/challenges-yi904835116/servers/gateway/models/users/user.go:197.32,199.3 1 1
github.com/info344-s18/challenges-yi904835116/servers/gateway/models/users/user.go:201.33,203.3 1 1
